# JRE version: OpenJDK Runtime Environment Temurin-25.0.3+9 (25.0.3+9) (build 25.0.3+9-LTS)
# Java VM: OpenJDK 64-Bit Server VM Temurin-25.0.3+9 (25.0.3+9-LTS, mixed mode, sharing, tiered, compressed oops, compressed class ptrs, g1 gc, windows-amd64)
GC Precious Log:
 CardTable entry size: 512
 Card Set container configuration: InlinePtr #cards 4 size 8 Array Of Cards #cards 16 size 48 Howl #buckets 8 coarsen threshold 3686 Howl Bitmap #cards 512 size 80 coarsen threshold 460 Card regions per heap region 1 cards per card region 4096
 CPUs: 16 total, 16 available
 Memory: 16085M
 Large Page Support: Disabled
 NUMA Support: Disabled
 Compressed Oops: Enabled (Zero based)
 Heap Region Size: 2M
 Heap Min Capacity: 8M
 Heap Initial Capacity: 252M
 Heap Max Capacity: 4022M
 Pre-touch: Disabled
 Parallel Workers: 13
 Concurrent Workers: 3
 Concurrent Refinement Workers: 13
 Periodic GC: Disabled
Heap:
 garbage-first heap   total reserved 4118528K, committed 260096K, used 106799K [0x0000000704a00000, 0x0000000800000000)
  region size 2048K, 46 young (94208K), 1 survivors (2048K)
GC Heap Usage History (20 events):
Event: 70.407 {heap Before GC invocations=50 (full 0):
 garbage-first heap   total reserved 4118528K, committed 260096K, used 164374K [0x0000000704a00000, 0x0000000800000000)
  region size 2048K, 75 young (153600K), 3 survivors (6144K)
}
Event: 70.409 {heap After GC invocations=51 (full 0):
 garbage-first heap   total reserved 4118528K, committed 260096K, used 16910K [0x0000000704a00000, 0x0000000800000000)
  region size 2048K, 3 young (6144K), 3 survivors (6144K)
}
Event: 71.734 {heap Before GC invocations=51 (full 0):
 garbage-first heap   total reserved 4118528K, committed 260096K, used 164366K [0x0000000704a00000, 0x0000000800000000)
  region size 2048K, 75 young (153600K), 3 survivors (6144K)
}
Event: 71.735 {heap After GC invocations=52 (full 0):
 garbage-first heap   total reserved 4118528K, committed 260096K, used 17292K [0x0000000704a00000, 0x0000000800000000)
  region size 2048K, 1 young (2048K), 1 survivors (2048K)
}
Event: 73.103 {heap Before GC invocations=52 (full 0):
 garbage-first heap   total reserved 4118528K, committed 260096K, used 168844K [0x0000000704a00000, 0x0000000800000000)
  region size 2048K, 75 young (153600K), 1 survivors (2048K)
}
Event: 73.104 {heap After GC invocations=53 (full 0):
 garbage-first heap   total reserved 4118528K, committed 260096K, used 16845K [0x0000000704a00000, 0x0000000800000000)
  region size 2048K, 1 young (2048K), 1 survivors (2048K)
}
Event: 74.477 {heap Before GC invocations=53 (full 0):
 garbage-first heap   total reserved 4118528K, committed 260096K, used 168397K [0x0000000704a00000, 0x0000000800000000)
  region size 2048K, 75 young (153600K), 1 survivors (2048K)
}
Event: 74.478 {heap After GC invocations=54 (full 0):
 garbage-first heap   total reserved 4118528K, committed 260096K, used 16701K [0x0000000704a00000, 0x0000000800000000)
  region size 2048K, 1 young (2048K), 1 survivors (2048K)
}
Event: 75.843 {heap Before GC invocations=54 (full 0):
 garbage-first heap   total reserved 4118528K, committed 260096K, used 168253K [0x0000000704a00000, 0x0000000800000000)
  region size 2048K, 75 young (153600K), 1 survivors (2048K)
}
Event: 75.844 {heap After GC invocations=55 (full 0):
 garbage-first heap   total reserved 4118528K, committed 260096K, used 16673K [0x0000000704a00000, 0x0000000800000000)
  region size 2048K, 1 young (2048K), 1 survivors (2048K)
}
Event: 77.281 {heap Before GC invocations=55 (full 0):
 garbage-first heap   total reserved 4118528K, committed 260096K, used 168225K [0x0000000704a00000, 0x0000000800000000)
  region size 2048K, 75 young (153600K), 1 survivors (2048K)
}
Event: 77.282 {heap After GC invocations=56 (full 0):
 garbage-first heap   total reserved 4118528K, committed 260096K, used 16677K [0x0000000704a00000, 0x0000000800000000)
  region size 2048K, 1 young (2048K), 1 survivors (2048K)
}
Event: 78.648 {heap Before GC invocations=56 (full 0):
 garbage-first heap   total reserved 4118528K, committed 260096K, used 168229K [0x0000000704a00000, 0x0000000800000000)
  region size 2048K, 75 young (153600K), 1 survivors (2048K)
}
Event: 78.649 {heap After GC invocations=57 (full 0):
 garbage-first heap   total reserved 4118528K, committed 260096K, used 16675K [0x0000000704a00000, 0x0000000800000000)
  region size 2048K, 1 young (2048K), 1 survivors (2048K)
}
Event: 80.018 {heap Before GC invocations=57 (full 0):
 garbage-first heap   total reserved 4118528K, committed 260096K, used 168227K [0x0000000704a00000, 0x0000000800000000)
  region size 2048K, 75 young (153600K), 1 survivors (2048K)
}
Event: 80.019 {heap After GC invocations=58 (full 0):
 garbage-first heap   total reserved 4118528K, committed 260096K, used 16677K [0x0000000704a00000, 0x0000000800000000)
  region size 2048K, 1 young (2048K), 1 survivors (2048K)
}
Event: 81.402 {heap Before GC invocations=58 (full 0):
 garbage-first heap   total reserved 4118528K, committed 260096K, used 168229K [0x0000000704a00000, 0x0000000800000000)
  region size 2048K, 75 young (153600K), 1 survivors (2048K)
}
Event: 81.403 {heap After GC invocations=59 (full 0):
 garbage-first heap   total reserved 4118528K, committed 260096K, used 16685K [0x0000000704a00000, 0x0000000800000000)
  region size 2048K, 1 young (2048K), 1 survivors (2048K)
}
Event: 82.829 {heap Before GC invocations=59 (full 0):
 garbage-first heap   total reserved 4118528K, committed 260096K, used 168237K [0x0000000704a00000, 0x0000000800000000)
  region size 2048K, 75 young (153600K), 1 survivors (2048K)
}
Event: 82.829 {heap After GC invocations=60 (full 0):
 garbage-first heap   total reserved 4118528K, committed 260096K, used 16687K [0x0000000704a00000, 0x0000000800000000)
  region size 2048K, 1 young (2048K), 1 survivors (2048K)
}

