# JRE version: OpenJDK Runtime Environment Temurin-25.0.3+9 (25.0.3+9) (build 25.0.3+9-LTS)
# Java VM: OpenJDK 64-Bit Server VM Temurin-25.0.3+9 (25.0.3+9-LTS, mixed mode, sharing, tiered, compressed oops, compressed class ptrs, g1 gc, windows-amd64)
GC Precious Log:
 CardTable entry size: 512
 Card Set container configuration: InlinePtr #cards 4 size 8 Array Of Cards #cards 16 size 48 Howl #buckets 8 coarsen threshold 3686 Howl Bitmap #cards 512 size 80 coarsen threshold 460 Card regions per heap region 1 cards per card region 4096
 CPUs: 16 total, 16 available
 Memory: 16085M
 Large Page Support: Disabled
 NUMA Support: Disabled
 Compressed Oops: Enabled (Zero based)
 Heap Region Size: 2M
 Heap Min Capacity: 8M
 Heap Initial Capacity: 252M
 Heap Max Capacity: 4022M
 Pre-touch: Disabled
 Parallel Workers: 13
 Concurrent Workers: 3
 Concurrent Refinement Workers: 13
 Periodic GC: Disabled
Heap:
 garbage-first heap   total reserved 4118528K, committed 260096K, used 77216K [0x0000000704a00000, 0x0000000800000000)
  region size 2048K, 35 young (71680K), 1 survivors (2048K)
GC Heap Usage History (20 events):
Event: 190.865 {heap Before GC invocations=139 (full 0):
 garbage-first heap   total reserved 4118528K, committed 260096K, used 161190K [0x0000000704a00000, 0x0000000800000000)
  region size 2048K, 75 young (153600K), 1 survivors (2048K)
}
Event: 190.866 {heap After GC invocations=140 (full 0):
 garbage-first heap   total reserved 4118528K, committed 260096K, used 9638K [0x0000000704a00000, 0x0000000800000000)
  region size 2048K, 1 young (2048K), 1 survivors (2048K)
}
Event: 192.239 {heap Before GC invocations=140 (full 0):
 garbage-first heap   total reserved 4118528K, committed 260096K, used 161190K [0x0000000704a00000, 0x0000000800000000)
  region size 2048K, 75 young (153600K), 1 survivors (2048K)
}
Event: 192.239 {heap After GC invocations=141 (full 0):
 garbage-first heap   total reserved 4118528K, committed 260096K, used 9638K [0x0000000704a00000, 0x0000000800000000)
  region size 2048K, 1 young (2048K), 1 survivors (2048K)
}
Event: 193.606 {heap Before GC invocations=141 (full 0):
 garbage-first heap   total reserved 4118528K, committed 260096K, used 161190K [0x0000000704a00000, 0x0000000800000000)
  region size 2048K, 75 young (153600K), 1 survivors (2048K)
}
Event: 193.606 {heap After GC invocations=142 (full 0):
 garbage-first heap   total reserved 4118528K, committed 260096K, used 9638K [0x0000000704a00000, 0x0000000800000000)
  region size 2048K, 1 young (2048K), 1 survivors (2048K)
}
Event: 194.968 {heap Before GC invocations=142 (full 0):
 garbage-first heap   total reserved 4118528K, committed 260096K, used 161190K [0x0000000704a00000, 0x0000000800000000)
  region size 2048K, 75 young (153600K), 1 survivors (2048K)
}
Event: 194.969 {heap After GC invocations=143 (full 0):
 garbage-first heap   total reserved 4118528K, committed 260096K, used 9638K [0x0000000704a00000, 0x0000000800000000)
  region size 2048K, 1 young (2048K), 1 survivors (2048K)
}
Event: 196.336 {heap Before GC invocations=143 (full 0):
 garbage-first heap   total reserved 4118528K, committed 260096K, used 161190K [0x0000000704a00000, 0x0000000800000000)
  region size 2048K, 75 young (153600K), 1 survivors (2048K)
}
Event: 196.337 {heap After GC invocations=144 (full 0):
 garbage-first heap   total reserved 4118528K, committed 260096K, used 9622K [0x0000000704a00000, 0x0000000800000000)
  region size 2048K, 1 young (2048K), 1 survivors (2048K)
}
Event: 197.718 {heap Before GC invocations=144 (full 0):
 garbage-first heap   total reserved 4118528K, committed 260096K, used 161174K [0x0000000704a00000, 0x0000000800000000)
  region size 2048K, 75 young (153600K), 1 survivors (2048K)
}
Event: 197.719 {heap After GC invocations=145 (full 0):
 garbage-first heap   total reserved 4118528K, committed 260096K, used 9622K [0x0000000704a00000, 0x0000000800000000)
  region size 2048K, 1 young (2048K), 1 survivors (2048K)
}
Event: 199.084 {heap Before GC invocations=145 (full 0):
 garbage-first heap   total reserved 4118528K, committed 260096K, used 161174K [0x0000000704a00000, 0x0000000800000000)
  region size 2048K, 75 young (153600K), 1 survivors (2048K)
}
Event: 199.084 {heap After GC invocations=146 (full 0):
 garbage-first heap   total reserved 4118528K, committed 260096K, used 9622K [0x0000000704a00000, 0x0000000800000000)
  region size 2048K, 1 young (2048K), 1 survivors (2048K)
}
Event: 200.461 {heap Before GC invocations=146 (full 0):
 garbage-first heap   total reserved 4118528K, committed 260096K, used 161174K [0x0000000704a00000, 0x0000000800000000)
  region size 2048K, 75 young (153600K), 1 survivors (2048K)
}
Event: 200.462 {heap After GC invocations=147 (full 0):
 garbage-first heap   total reserved 4118528K, committed 260096K, used 9622K [0x0000000704a00000, 0x0000000800000000)
  region size 2048K, 1 young (2048K), 1 survivors (2048K)
}
Event: 201.820 {heap Before GC invocations=147 (full 0):
 garbage-first heap   total reserved 4118528K, committed 260096K, used 161174K [0x0000000704a00000, 0x0000000800000000)
  region size 2048K, 75 young (153600K), 1 survivors (2048K)
}
Event: 201.820 {heap After GC invocations=148 (full 0):
 garbage-first heap   total reserved 4118528K, committed 260096K, used 9626K [0x0000000704a00000, 0x0000000800000000)
  region size 2048K, 1 young (2048K), 1 survivors (2048K)
}
Event: 203.181 {heap Before GC invocations=148 (full 0):
 garbage-first heap   total reserved 4118528K, committed 260096K, used 161178K [0x0000000704a00000, 0x0000000800000000)
  region size 2048K, 75 young (153600K), 1 survivors (2048K)
}
Event: 203.181 {heap After GC invocations=149 (full 0):
 garbage-first heap   total reserved 4118528K, committed 260096K, used 9632K [0x0000000704a00000, 0x0000000800000000)
  region size 2048K, 1 young (2048K), 1 survivors (2048K)
}

